<?xml version="1.0" encoding="UTF-8"?>
<!-- Generated by org.testng.reporters.JUnitReportReporter -->
<testsuite hostname="LAPTOP-27F8N879" failures="0" tests="3" name="com.qa.runner.TestRunner" time="0.051" errors="0" timestamp="08 Nov 2020 19:06:42 GMT" skipped="0">
  <testcase classname="com.qa.runner.TestRunner" name="feature" time="0.025"/>
  <testcase classname="com.qa.runner.TestRunner" name="feature" time="0.005"/>
  <testcase classname="com.qa.runner.TestRunner" name="feature" time="0.021"/>
</testsuite> <!-- com.qa.runner.TestRunner -->
